<?xml version="1.0" encoding="UTF-8"?>
<coverage generated="1662581741703" clover="3.2.0">
  <project timestamp="1662581741704" name="All files">
    <metrics statements="45" coveredstatements="45" conditionals="8" coveredconditionals="6" methods="19" coveredmethods="19" elements="72" coveredelements="70" complexity="0" loc="45" ncloc="45" packages="1" files="5" classes="5"/>
    <file name="Coupon.ts" path="/home/virb/workspace/cccat6_1/src/Coupon.ts">
      <metrics statements="3" coveredstatements="3" conditionals="0" coveredconditionals="0" methods="2" coveredmethods="2"/>
      <line num="1" count="1" type="stmt"/>
      <line num="2" count="1" type="stmt"/>
      <line num="5" count="1" type="stmt"/>
    </file>
    <file name="Cpf.ts" path="/home/virb/workspace/cccat6_1/src/Cpf.ts">
      <metrics statements="24" coveredstatements="24" conditionals="7" coveredconditionals="5" methods="9" coveredmethods="9"/>
      <line num="1" count="2" type="stmt"/>
      <line num="3" count="13" type="stmt"/>
      <line num="4" count="13" type="stmt"/>
      <line num="7" count="13" type="cond" truecount="1" falsecount="0"/>
      <line num="8" count="3" type="stmt"/>
      <line num="12" count="13" type="cond" truecount="0" falsecount="1"/>
      <line num="13" count="13" type="stmt"/>
      <line num="14" count="13" type="cond" truecount="0" falsecount="1"/>
      <line num="15" count="13" type="cond" truecount="1" falsecount="0"/>
      <line num="16" count="3" type="stmt"/>
      <line num="17" count="3" type="stmt"/>
      <line num="18" count="3" type="stmt"/>
      <line num="19" count="3" type="stmt"/>
      <line num="20" count="3" type="stmt"/>
      <line num="24" count="13" type="stmt"/>
      <line num="28" count="13" type="stmt"/>
      <line num="32" count="13" type="stmt"/>
      <line num="33" count="116" type="stmt"/>
      <line num="37" count="6" type="stmt"/>
      <line num="38" count="66" type="cond" truecount="1" falsecount="0"/>
      <line num="39" count="66" type="stmt"/>
      <line num="41" count="6" type="stmt"/>
      <line num="42" count="6" type="cond" truecount="2" falsecount="0"/>
      <line num="46" count="3" type="stmt"/>
    </file>
    <file name="Item.ts" path="/home/virb/workspace/cccat6_1/src/Item.ts">
      <metrics statements="2" coveredstatements="2" conditionals="0" coveredconditionals="0" methods="1" coveredmethods="1"/>
      <line num="1" count="1" type="stmt"/>
      <line num="3" count="6" type="stmt"/>
    </file>
    <file name="Order.ts" path="/home/virb/workspace/cccat6_1/src/Order.ts">
      <metrics statements="13" coveredstatements="13" conditionals="1" coveredconditionals="1" methods="5" coveredmethods="5"/>
      <line num="2" count="1" type="stmt"/>
      <line num="4" count="1" type="stmt"/>
      <line num="6" count="1" type="stmt"/>
      <line num="12" count="3" type="stmt"/>
      <line num="13" count="2" type="stmt"/>
      <line num="17" count="6" type="stmt"/>
      <line num="21" count="1" type="stmt"/>
      <line num="25" count="2" type="stmt"/>
      <line num="26" count="6" type="stmt"/>
      <line num="27" count="6" type="stmt"/>
      <line num="29" count="2" type="cond" truecount="1" falsecount="0"/>
      <line num="30" count="1" type="stmt"/>
      <line num="32" count="2" type="stmt"/>
    </file>
    <file name="OrderItem.ts" path="/home/virb/workspace/cccat6_1/src/OrderItem.ts">
      <metrics statements="3" coveredstatements="3" conditionals="0" coveredconditionals="0" methods="2" coveredmethods="2"/>
      <line num="1" count="2" type="stmt"/>
      <line num="2" count="7" type="stmt"/>
      <line num="7" count="7" type="stmt"/>
    </file>
  </project>
</coverage>
