{"/home/virb/workspace/cccat6_1/src/Coupon.ts": {"path":"/home/virb/workspace/cccat6_1/src/Coupon.ts","statementMap":{"0":{"start":{"line":2,"column":23},"end":{"line":2,"column":35}},"1":{"start":{"line":2,"column":46},"end":{"line":2,"column":64}},"2":{"start":{"line":5,"column":4},"end":{"line":5,"column":null}},"3":{"start":{"line":1,"column":0},"end":{"line":1,"column":21}}},"fnMap":{"0":{"name":"(anonymous_0)","decl":{"start":{"line":2,"column":2},"end":{"line":2,"column":23}},"loc":{"start":{"line":2,"column":64},"end":{"line":2,"column":69}}},"1":{"name":"(anonymous_1)","decl":{"start":{"line":4,"column":2},"end":{"line":4,"column":19}},"loc":{"start":{"line":4,"column":33},"end":{"line":6,"column":3}}}},"branchMap":{},"s":{"0":1,"1":1,"2":1,"3":1},"f":{"0":1,"1":1},"b":{}}
,"/home/virb/workspace/cccat6_1/src/Cpf.ts": {"path":"/home/virb/workspace/cccat6_1/src/Cpf.ts","statementMap":{"0":{"start":{"line":3,"column":10},"end":{"line":3,"column":34}},"1":{"start":{"line":4,"column":10},"end":{"line":4,"column":35}},"2":{"start":{"line":7,"column":4},"end":{"line":7,"column":63}},"3":{"start":{"line":7,"column":31},"end":{"line":7,"column":63}},"4":{"start":{"line":8,"column":4},"end":{"line":8,"column":23}},"5":{"start":{"line":12,"column":4},"end":{"line":12,"column":30}},"6":{"start":{"line":12,"column":17},"end":{"line":12,"column":30}},"7":{"start":{"line":13,"column":16},"end":{"line":13,"column":37}},"8":{"start":{"line":14,"column":4},"end":{"line":14,"column":48}},"9":{"start":{"line":14,"column":35},"end":{"line":14,"column":48}},"10":{"start":{"line":15,"column":4},"end":{"line":15,"column":50}},"11":{"start":{"line":15,"column":37},"end":{"line":15,"column":50}},"12":{"start":{"line":16,"column":34},"end":{"line":16,"column":88}},"13":{"start":{"line":17,"column":34},"end":{"line":17,"column":89}},"14":{"start":{"line":18,"column":21},"end":{"line":18,"column":48}},"15":{"start":{"line":19,"column":33},"end":{"line":19,"column":83}},"16":{"start":{"line":20,"column":4},"end":{"line":20,"column":46}},"17":{"start":{"line":24,"column":4},"end":{"line":24,"column":34}},"18":{"start":{"line":28,"column":4},"end":{"line":28,"column":28}},"19":{"start":{"line":32,"column":25},"end":{"line":32,"column":28}},"20":{"start":{"line":33,"column":4},"end":{"line":33,"column":57}},"21":{"start":{"line":33,"column":35},"end":{"line":33,"column":55}},"22":{"start":{"line":37,"column":18},"end":{"line":40,"column":9}},"23":{"start":{"line":38,"column":6},"end":{"line":38,"column":58}},"24":{"start":{"line":38,"column":22},"end":{"line":38,"column":58}},"25":{"start":{"line":39,"column":6},"end":{"line":39,"column":19}},"26":{"start":{"line":41,"column":17},"end":{"line":41,"column":27}},"27":{"start":{"line":42,"column":4},"end":{"line":42,"column":38}},"28":{"start":{"line":46,"column":4},"end":{"line":46,"column":25}},"29":{"start":{"line":1,"column":0},"end":{"line":1,"column":21}}},"fnMap":{"0":{"name":"(anonymous_0)","decl":{"start":{"line":6,"column":2},"end":{"line":6,"column":14}},"loc":{"start":{"line":6,"column":27},"end":{"line":9,"column":3}}},"1":{"name":"(anonymous_1)","decl":{"start":{"line":11,"column":10},"end":{"line":11,"column":18}},"loc":{"start":{"line":11,"column":52},"end":{"line":21,"column":3}}},"2":{"name":"(anonymous_2)","decl":{"start":{"line":23,"column":10},"end":{"line":23,"column":18}},"loc":{"start":{"line":23,"column":30},"end":{"line":25,"column":3}}},"3":{"name":"(anonymous_3)","decl":{"start":{"line":27,"column":10},"end":{"line":27,"column":25}},"loc":{"start":{"line":27,"column":37},"end":{"line":29,"column":3}}},"4":{"name":"(anonymous_4)","decl":{"start":{"line":31,"column":10},"end":{"line":31,"column":27}},"loc":{"start":{"line":31,"column":39},"end":{"line":34,"column":3}}},"5":{"name":"(anonymous_5)","decl":{"start":{"line":33,"column":26},"end":{"line":33,"column":31}},"loc":{"start":{"line":33,"column":35},"end":{"line":33,"column":55}}},"6":{"name":"(anonymous_6)","decl":{"start":{"line":36,"column":10},"end":{"line":36,"column":29}},"loc":{"start":{"line":36,"column":57},"end":{"line":43,"column":3}}},"7":{"name":"(anonymous_7)","decl":{"start":{"line":37,"column":34},"end":{"line":37,"column":35}},"loc":{"start":{"line":37,"column":51},"end":{"line":40,"column":5}}},"8":{"name":"(anonymous_8)","decl":{"start":{"line":45,"column":10},"end":{"line":45,"column":27}},"loc":{"start":{"line":45,"column":39},"end":{"line":47,"column":3}}}},"branchMap":{"0":{"loc":{"start":{"line":7,"column":4},"end":{"line":7,"column":63}},"type":"if","locations":[{"start":{"line":7,"column":4},"end":{"line":7,"column":63}}]},"1":{"loc":{"start":{"line":12,"column":4},"end":{"line":12,"column":30}},"type":"if","locations":[{"start":{"line":12,"column":4},"end":{"line":12,"column":30}}]},"2":{"loc":{"start":{"line":14,"column":4},"end":{"line":14,"column":48}},"type":"if","locations":[{"start":{"line":14,"column":4},"end":{"line":14,"column":48}}]},"3":{"loc":{"start":{"line":15,"column":4},"end":{"line":15,"column":50}},"type":"if","locations":[{"start":{"line":15,"column":4},"end":{"line":15,"column":50}}]},"4":{"loc":{"start":{"line":38,"column":6},"end":{"line":38,"column":58}},"type":"if","locations":[{"start":{"line":38,"column":6},"end":{"line":38,"column":58}}]},"5":{"loc":{"start":{"line":42,"column":11},"end":{"line":42,"column":37}},"type":"cond-expr","locations":[{"start":{"line":42,"column":24},"end":{"line":42,"column":25}},{"start":{"line":42,"column":28},"end":{"line":42,"column":37}}]}},"s":{"0":13,"1":13,"2":13,"3":10,"4":3,"5":13,"6":0,"7":13,"8":13,"9":0,"10":13,"11":10,"12":3,"13":3,"14":3,"15":3,"16":3,"17":13,"18":13,"19":13,"20":13,"21":116,"22":6,"23":66,"24":57,"25":66,"26":6,"27":6,"28":3,"29":2},"f":{"0":13,"1":13,"2":13,"3":13,"4":13,"5":116,"6":6,"7":66,"8":3},"b":{"0":[10],"1":[0],"2":[0],"3":[10],"4":[57],"5":[3,3]}}
,"/home/virb/workspace/cccat6_1/src/Item.ts": {"path":"/home/virb/workspace/cccat6_1/src/Item.ts","statementMap":{"0":{"start":{"line":3,"column":23},"end":{"line":3,"column":37}},"1":{"start":{"line":3,"column":48},"end":{"line":3,"column":67}},"2":{"start":{"line":3,"column":78},"end":{"line":3,"column":91}},"3":{"start":{"line":1,"column":0},"end":{"line":1,"column":21}}},"fnMap":{"0":{"name":"(anonymous_0)","decl":{"start":{"line":3,"column":2},"end":{"line":3,"column":23}},"loc":{"start":{"line":3,"column":91},"end":{"line":3,"column":96}}}},"branchMap":{},"s":{"0":6,"1":6,"2":6,"3":1},"f":{"0":6},"b":{}}
,"/home/virb/workspace/cccat6_1/src/Order.ts": {"path":"/home/virb/workspace/cccat6_1/src/Order.ts","statementMap":{"0":{"start":{"line":2,"column":0},"end":{"line":2,"column":24}},"1":{"start":{"line":4,"column":0},"end":{"line":4,"column":36}},"2":{"start":{"line":12,"column":4},"end":{"line":12,"column":28}},"3":{"start":{"line":13,"column":4},"end":{"line":13,"column":25}},"4":{"start":{"line":17,"column":4},"end":{"line":17,"column":75}},"5":{"start":{"line":21,"column":4},"end":{"line":21,"column":25}},"6":{"start":{"line":25,"column":16},"end":{"line":28,"column":9}},"7":{"start":{"line":26,"column":6},"end":{"line":26,"column":36}},"8":{"start":{"line":27,"column":6},"end":{"line":27,"column":19}},"9":{"start":{"line":29,"column":4},"end":{"line":31,"column":null}},"10":{"start":{"line":30,"column":6},"end":{"line":30,"column":52}},"11":{"start":{"line":32,"column":4},"end":{"line":32,"column":17}},"12":{"start":{"line":6,"column":0},"end":{"line":6,"column":21}}},"fnMap":{"0":{"name":"(anonymous_1)","decl":{"start":{"line":11,"column":2},"end":{"line":11,"column":14}},"loc":{"start":{"line":11,"column":25},"end":{"line":14,"column":3}}},"1":{"name":"(anonymous_2)","decl":{"start":{"line":16,"column":2},"end":{"line":16,"column":9}},"loc":{"start":{"line":16,"column":38},"end":{"line":18,"column":3}}},"2":{"name":"(anonymous_3)","decl":{"start":{"line":20,"column":2},"end":{"line":20,"column":11}},"loc":{"start":{"line":20,"column":26},"end":{"line":22,"column":3}}},"3":{"name":"(anonymous_4)","decl":{"start":{"line":24,"column":2},"end":{"line":24,"column":10}},"loc":{"start":{"line":24,"column":10},"end":{"line":33,"column":3}}},"4":{"name":"(anonymous_5)","decl":{"start":{"line":25,"column":39},"end":{"line":25,"column":40}},"loc":{"start":{"line":25,"column":60},"end":{"line":28,"column":5}}}},"branchMap":{"0":{"loc":{"start":{"line":29,"column":4},"end":{"line":31,"column":null}},"type":"if","locations":[{"start":{"line":29,"column":4},"end":{"line":31,"column":null}}]}},"s":{"0":1,"1":1,"2":3,"3":2,"4":6,"5":1,"6":2,"7":6,"8":6,"9":2,"10":1,"11":2,"12":1},"f":{"0":3,"1":6,"2":1,"3":2,"4":6},"b":{"0":[1]}}
,"/home/virb/workspace/cccat6_1/src/OrderItem.ts": {"path":"/home/virb/workspace/cccat6_1/src/OrderItem.ts","statementMap":{"0":{"start":{"line":2,"column":23},"end":{"line":2,"column":37}},"1":{"start":{"line":2,"column":48},"end":{"line":2,"column":61}},"2":{"start":{"line":2,"column":72},"end":{"line":2,"column":88}},"3":{"start":{"line":7,"column":4},"end":{"line":7,"column":38}},"4":{"start":{"line":1,"column":0},"end":{"line":1,"column":21}}},"fnMap":{"0":{"name":"(anonymous_0)","decl":{"start":{"line":2,"column":2},"end":{"line":2,"column":23}},"loc":{"start":{"line":2,"column":88},"end":{"line":4,"column":3}}},"1":{"name":"(anonymous_1)","decl":{"start":{"line":6,"column":2},"end":{"line":6,"column":10}},"loc":{"start":{"line":6,"column":10},"end":{"line":8,"column":3}}}},"branchMap":{},"s":{"0":7,"1":7,"2":7,"3":7,"4":2},"f":{"0":7,"1":7},"b":{}}
}
