TN:
SF:src/Coupon.ts
FN:2,(anonymous_0)
FN:4,(anonymous_1)
FNF:2
FNH:2
FNDA:1,(anonymous_0)
FNDA:1,(anonymous_1)
DA:1,1
DA:2,1
DA:5,1
LF:3
LH:3
BRF:0
BRH:0
end_of_record
TN:
SF:src/Cpf.ts
FN:6,(anonymous_0)
FN:11,(anonymous_1)
FN:23,(anonymous_2)
FN:27,(anonymous_3)
FN:31,(anonymous_4)
FN:33,(anonymous_5)
FN:36,(anonymous_6)
FN:37,(anonymous_7)
FN:45,(anonymous_8)
FNF:9
FNH:9
FNDA:13,(anonymous_0)
FNDA:13,(anonymous_1)
FNDA:13,(anonymous_2)
FNDA:13,(anonymous_3)
FNDA:13,(anonymous_4)
FNDA:116,(anonymous_5)
FNDA:6,(anonymous_6)
FNDA:66,(anonymous_7)
FNDA:3,(anonymous_8)
DA:1,2
DA:3,13
DA:4,13
DA:7,13
DA:8,3
DA:12,13
DA:13,13
DA:14,13
DA:15,13
DA:16,3
DA:17,3
DA:18,3
DA:19,3
DA:20,3
DA:24,13
DA:28,13
DA:32,13
DA:33,116
DA:37,6
DA:38,66
DA:39,66
DA:41,6
DA:42,6
DA:46,3
LF:24
LH:24
BRDA:7,0,0,10
BRDA:12,1,0,0
BRDA:14,2,0,0
BRDA:15,3,0,10
BRDA:38,4,0,57
BRDA:42,5,0,3
BRDA:42,5,1,3
BRF:7
BRH:5
end_of_record
TN:
SF:src/Item.ts
FN:3,(anonymous_0)
FNF:1
FNH:1
FNDA:6,(anonymous_0)
DA:1,1
DA:3,6
LF:2
LH:2
BRF:0
BRH:0
end_of_record
TN:
SF:src/Order.ts
FN:11,(anonymous_1)
FN:16,(anonymous_2)
FN:20,(anonymous_3)
FN:24,(anonymous_4)
FN:25,(anonymous_5)
FNF:5
FNH:5
FNDA:3,(anonymous_1)
FNDA:6,(anonymous_2)
FNDA:1,(anonymous_3)
FNDA:2,(anonymous_4)
FNDA:6,(anonymous_5)
DA:2,1
DA:4,1
DA:6,1
DA:12,3
DA:13,2
DA:17,6
DA:21,1
DA:25,2
DA:26,6
DA:27,6
DA:29,2
DA:30,1
DA:32,2
LF:13
LH:13
BRDA:29,0,0,1
BRF:1
BRH:1
end_of_record
TN:
SF:src/OrderItem.ts
FN:2,(anonymous_0)
FN:6,(anonymous_1)
FNF:2
FNH:2
FNDA:7,(anonymous_0)
FNDA:7,(anonymous_1)
DA:1,2
DA:2,7
DA:7,7
LF:3
LH:3
BRF:0
BRH:0
end_of_record
